# JRE version: OpenJDK Runtime Environment (8.0) (build 1.8.0-25-microsoft-b00)
# Java VM: OpenJDK 64-Bit Server VM (25.71-b00 mixed mode windows-amd64 compressed oops)
Heap:
 PSYoungGen      total 262656K, used 29139K [0x00000000d8580000, 0x00000000e9880000, 0x0000000100000000)
  eden space 245760K, 8% used [0x00000000d8580000,0x00000000d997d4b0,0x00000000e7580000)
  from space 16896K, 57% used [0x00000000e8800000,0x00000000e917e840,0x00000000e9880000)
  to   space 17920K, 0% used [0x00000000e7580000,0x00000000e7580000,0x00000000e8700000)
 ParOldGen       total 81920K, used 30396K [0x0000000089000000, 0x000000008e000000, 0x00000000d8580000)
  object space 81920K, 37% used [0x0000000089000000,0x000000008adaf230,0x000000008e000000)
 Metaspace       used 10051K, capacity 10108K, committed 10240K, reserved 1058816K
  class space    used 943K, capacity 980K, committed 1024K, reserved 1048576K
GC Heap History (10 events):
Event: 1.048 GC heap before
{Heap before GC invocations=4 (full 0):
 PSYoungGen      total 65536K, used 65506K [0x00000000d8580000, 0x00000000dcb80000, 0x0000000100000000)
  eden space 60416K, 100% used [0x00000000d8580000,0x00000000dc080000,0x00000000dc080000)
  from space 5120K, 99% used [0x00000000dc080000,0x00000000dc578a50,0x00000000dc580000)
  to   space 5120K, 0% used [0x00000000dc680000,0x00000000dc680000,0x00000000dcb80000)
 ParOldGen       total 81920K, used 3164K [0x0000000089000000, 0x000000008e000000, 0x00000000d8580000)
  object space 81920K, 3% used [0x0000000089000000,0x0000000089317048,0x000000008e000000)
 Metaspace       used 8641K, capacity 8732K, committed 8832K, reserved 1056768K
  class space    used 810K, capacity 820K, committed 896K, reserved 1048576K
Event: 1.062 GC heap after
Heap after GC invocations=4 (full 0):
 PSYoungGen      total 66560K, used 5089K [0x00000000d8580000, 0x00000000e0580000, 0x0000000100000000)
  eden space 61440K, 0% used [0x00000000d8580000,0x00000000d8580000,0x00000000dc180000)
  from space 5120K, 99% used [0x00000000dc680000,0x00000000dcb78550,0x00000000dcb80000)
  to   space 5120K, 0% used [0x00000000dc180000,0x00000000dc180000,0x00000000dc680000)
 ParOldGen       total 81920K, used 16320K [0x0000000089000000, 0x000000008e000000, 0x00000000d8580000)
  object space 81920K, 19% used [0x0000000089000000,0x0000000089ff0060,0x000000008e000000)
 Metaspace       used 8641K, capacity 8732K, committed 8832K, reserved 1056768K
  class space    used 810K, capacity 820K, committed 896K, reserved 1048576K
}
Event: 1.236 GC heap before
{Heap before GC invocations=5 (full 0):
 PSYoungGen      total 66560K, used 66529K [0x00000000d8580000, 0x00000000e0580000, 0x0000000100000000)
  eden space 61440K, 100% used [0x00000000d8580000,0x00000000dc180000,0x00000000dc180000)
  from space 5120K, 99% used [0x00000000dc680000,0x00000000dcb78550,0x00000000dcb80000)
  to   space 5120K, 0% used [0x00000000dc180000,0x00000000dc180000,0x00000000dc680000)
 ParOldGen       total 81920K, used 16885K [0x0000000089000000, 0x000000008e000000, 0x00000000d8580000)
  object space 81920K, 20% used [0x0000000089000000,0x000000008a07d6a0,0x000000008e000000)
 Metaspace       used 9932K, capacity 10044K, committed 10240K, reserved 1058816K
  class space    used 941K, capacity 980K, committed 1024K, reserved 1048576K
Event: 1.247 GC heap after
Heap after GC invocations=5 (full 0):
 PSYoungGen      total 66560K, used 5105K [0x00000000d8580000, 0x00000000e2480000, 0x0000000100000000)
  eden space 61440K, 0% used [0x00000000d8580000,0x00000000d8580000,0x00000000dc180000)
  from space 5120K, 99% used [0x00000000dc180000,0x00000000dc67c570,0x00000000dc680000)
  to   space 19968K, 0% used [0x00000000e1100000,0x00000000e1100000,0x00000000e2480000)
 ParOldGen       total 81920K, used 25082K [0x0000000089000000, 0x000000008e000000, 0x00000000d8580000)
  object space 81920K, 30% used [0x0000000089000000,0x000000008a87e908,0x000000008e000000)
 Metaspace       used 9932K, capacity 10044K, committed 10240K, reserved 1058816K
  class space    used 941K, capacity 980K, committed 1024K, reserved 1048576K
}
Event: 1.333 GC heap before
{Heap before GC invocations=6 (full 0):
 PSYoungGen      total 66560K, used 66545K [0x00000000d8580000, 0x00000000e2480000, 0x0000000100000000)
  eden space 61440K, 100% used [0x00000000d8580000,0x00000000dc180000,0x00000000dc180000)
  from space 5120K, 99% used [0x00000000dc180000,0x00000000dc67c570,0x00000000dc680000)
  to   space 19968K, 0% used [0x00000000e1100000,0x00000000e1100000,0x00000000e2480000)
 ParOldGen       total 81920K, used 25748K [0x0000000089000000, 0x000000008e000000, 0x00000000d8580000)
  object space 81920K, 31% used [0x0000000089000000,0x000000008a9250a0,0x000000008e000000)
 Metaspace       used 10010K, capacity 10108K, committed 10240K, reserved 1058816K
  class space    used 941K, capacity 980K, committed 1024K, reserved 1048576K
Event: 1.345 GC heap after
Heap after GC invocations=6 (full 0):
 PSYoungGen      total 141824K, used 11702K [0x00000000d8580000, 0x00000000e2380000, 0x0000000100000000)
  eden space 122880K, 0% used [0x00000000d8580000,0x00000000d8580000,0x00000000dfd80000)
  from space 18944K, 61% used [0x00000000e1100000,0x00000000e1c6db38,0x00000000e2380000)
  to   space 19456K, 0% used [0x00000000dfd80000,0x00000000dfd80000,0x00000000e1080000)
 ParOldGen       total 81920K, used 25748K [0x0000000089000000, 0x000000008e000000, 0x00000000d8580000)
  object space 81920K, 31% used [0x0000000089000000,0x000000008a9250a0,0x000000008e000000)
 Metaspace       used 10010K, capacity 10108K, committed 10240K, reserved 1058816K
  class space    used 941K, capacity 980K, committed 1024K, reserved 1048576K
}
Event: 1.503 GC heap before
{Heap before GC invocations=7 (full 0):
 PSYoungGen      total 141824K, used 134582K [0x00000000d8580000, 0x00000000e2380000, 0x0000000100000000)
  eden space 122880K, 100% used [0x00000000d8580000,0x00000000dfd80000,0x00000000dfd80000)
  from space 18944K, 61% used [0x00000000e1100000,0x00000000e1c6db38,0x00000000e2380000)
  to   space 19456K, 0% used [0x00000000dfd80000,0x00000000dfd80000,0x00000000e1080000)
 ParOldGen       total 81920K, used 25755K [0x0000000089000000, 0x000000008e000000, 0x00000000d8580000)
  object space 81920K, 31% used [0x0000000089000000,0x000000008a926c80,0x000000008e000000)
 Metaspace       used 10047K, capacity 10108K, committed 10240K, reserved 1058816K
  class space    used 943K, capacity 980K, committed 1024K, reserved 1048576K
Event: 1.510 GC heap after
Heap after GC invocations=7 (full 0):
 PSYoungGen      total 142336K, used 11901K [0x00000000d8580000, 0x00000000e9a80000, 0x0000000100000000)
  eden space 122880K, 0% used [0x00000000d8580000,0x00000000d8580000,0x00000000dfd80000)
  from space 19456K, 61% used [0x00000000dfd80000,0x00000000e091f4e8,0x00000000e1080000)
  to   space 18944K, 0% used [0x00000000e8800000,0x00000000e8800000,0x00000000e9a80000)
 ParOldGen       total 81920K, used 27003K [0x0000000089000000, 0x000000008e000000, 0x00000000d8580000)
  object space 81920K, 32% used [0x0000000089000000,0x000000008aa5ecd0,0x000000008e000000)
 Metaspace       used 10047K, capacity 10108K, committed 10240K, reserved 1058816K
  class space    used 943K, capacity 980K, committed 1024K, reserved 1048576K
}
Event: 1.649 GC heap before
{Heap before GC invocations=8 (full 0):
 PSYoungGen      total 142336K, used 134781K [0x00000000d8580000, 0x00000000e9a80000, 0x0000000100000000)
  eden space 122880K, 100% used [0x00000000d8580000,0x00000000dfd80000,0x00000000dfd80000)
  from space 19456K, 61% used [0x00000000dfd80000,0x00000000e091f4e8,0x00000000e1080000)
  to   space 18944K, 0% used [0x00000000e8800000,0x00000000e8800000,0x00000000e9a80000)
 ParOldGen       total 81920K, used 27003K [0x0000000089000000, 0x000000008e000000, 0x00000000d8580000)
  object space 81920K, 32% used [0x0000000089000000,0x000000008aa5ecd0,0x000000008e000000)
 Metaspace       used 10050K, capacity 10108K, committed 10240K, reserved 1058816K
  class space    used 943K, capacity 980K, committed 1024K, reserved 1048576K
Event: 1.657 GC heap after
Heap after GC invocations=8 (full 0):
 PSYoungGen      total 262656K, used 9722K [0x00000000d8580000, 0x00000000e9880000, 0x0000000100000000)
  eden space 245760K, 0% used [0x00000000d8580000,0x00000000d8580000,0x00000000e7580000)
  from space 16896K, 57% used [0x00000000e8800000,0x00000000e917e840,0x00000000e9880000)
  to   space 17920K, 0% used [0x00000000e7580000,0x00000000e7580000,0x00000000e8700000)
 ParOldGen       total 81920K, used 30396K [0x0000000089000000, 0x000000008e000000, 0x00000000d8580000)
  object space 81920K, 37% used [0x0000000089000000,0x000000008adaf230,0x000000008e000000)
 Metaspace       used 10050K, capacity 10108K, committed 10240K, reserved 1058816K
  class space    used 943K, capacity 980K, committed 1024K, reserved 1048576K
}

